<?xml version="1.0" encoding="UTF-8"?>
<!-- Generated by org.testng.reporters.JUnitXMLReporter -->
<testsuite hostname="veremenyuk_s1" ignored="0" name="Regression1" tests="4" failures="0" timestamp="15 Nov 2017 20:04:39 GMT" time="0.049" errors="0">
  <testcase name="newFileTest" time="0.017" classname="Task3.CreateFileTest"/>
  <testcase name="nonExistingDirTest" time="0.0" classname="Task3.CreateFileTest"/>
  <testcase name="theSameFileTest" time="0.002" classname="Task3.CreateFileTest"/>
  <testcase name="wrongFileNameTest" time="0.0" classname="Task3.CreateFileTest"/>
</testsuite> <!-- Regression1 -->
