<?xml version="1.0" encoding="UTF-8"?>
<!-- Generated by org.testng.reporters.JUnitXMLReporter -->
<testsuite hostname="veremenyuk_s1" ignored="0" name="Command line test" tests="5" failures="0" timestamp="15 Nov 2017 09:15:56 GMT" time="0.184" errors="0">
  <testcase name="test" time="0.022" classname="base.FirstTest"/>
  <testcase name="newFileTest" time="0.002" classname="Task3.CreateFileTest"/>
  <testcase name="nonExistingDirTest" time="0.0" classname="Task3.CreateFileTest"/>
  <testcase name="theSameFileTest" time="0.009" classname="Task3.CreateFileTest"/>
  <testcase name="wrongFileNameTest" time="0.0" classname="Task3.CreateFileTest"/>
</testsuite> <!-- Command line test -->
