<?xml version="1.0" encoding="UTF-8"?>
<!-- Generated by org.testng.reporters.JUnitXMLReporter -->
<testsuite hostname="veremenyuk_s1" ignored="0" name="Command line test" tests="3" failures="0" timestamp="14 Nov 2017 15:11:13 GMT" time="0.047" errors="0">
  <testcase name="test" time="0.012" classname="base.FirstTest"/>
  <testcase name="newFileTest" time="0.002" classname="Task3.CreateFileTest"/>
  <testcase name="theSameFileTest" time="0.003" classname="Task3.CreateFileTest"/>
</testsuite> <!-- Command line test -->
